0 info it worked if it ends with ok
1 verbose cli [ 'C:\\Program Files (x86)\\nodejs\\\\node.exe',
1 verbose cli   'C:\\Program Files (x86)\\nodejs\\node_modules\\npm\\bin\\npm-cli.js',
1 verbose cli   'install' ]
2 info using npm@1.3.21
3 info using node@v0.10.24
4 verbose node symlink C:\Program Files (x86)\nodejs\\node.exe
5 verbose readDependencies using package.json deps
6 verbose install where, deps [ 'C:\\Users\\matheus\\Dropbox\\Public\\sites\\down.yt\\node',
6 verbose install   [ 'express', 'ejs', 'node-curl' ] ]
7 info preinstall application-name@0.0.1
8 verbose readDependencies using package.json deps
9 verbose already installed skipping express@2.5.8 C:\Users\matheus\Dropbox\Public\sites\down.yt\node
10 verbose already installed skipping ejs@>= 0.0.1 C:\Users\matheus\Dropbox\Public\sites\down.yt\node
11 verbose cache add [ 'node-curl@*', null ]
12 verbose cache add name=undefined spec="node-curl@*" args=["node-curl@*",null]
13 verbose parsed url { protocol: null,
13 verbose parsed url   slashes: null,
13 verbose parsed url   auth: null,
13 verbose parsed url   host: null,
13 verbose parsed url   port: null,
13 verbose parsed url   hostname: null,
13 verbose parsed url   hash: null,
13 verbose parsed url   search: null,
13 verbose parsed url   query: null,
13 verbose parsed url   pathname: 'node-curl@*',
13 verbose parsed url   path: 'node-curl@*',
13 verbose parsed url   href: 'node-curl@*' }
14 verbose cache add name="node-curl" spec="*" args=["node-curl","*"]
15 verbose parsed url { protocol: null,
15 verbose parsed url   slashes: null,
15 verbose parsed url   auth: null,
15 verbose parsed url   host: null,
15 verbose parsed url   port: null,
15 verbose parsed url   hostname: null,
15 verbose parsed url   hash: null,
15 verbose parsed url   search: null,
15 verbose parsed url   query: null,
15 verbose parsed url   pathname: '*',
15 verbose parsed url   path: '*',
15 verbose parsed url   href: '*' }
16 verbose addNamed [ 'node-curl', '*' ]
17 verbose addNamed [ null, '*' ]
18 silly lockFile 31317303-node-curl node-curl@*
19 verbose lock node-curl@* C:\Users\matheus\AppData\Roaming\npm-cache\31317303-node-curl.lock
20 silly addNameRange { name: 'node-curl', range: '*', hasData: false }
21 verbose url raw node-curl
22 verbose url resolving [ 'https://registry.npmjs.org/', './node-curl' ]
23 verbose url resolved https://registry.npmjs.org/node-curl
24 info trying registry request attempt 1 at 05:20:00
25 verbose etag "AOLEYX7SX90B4D7K5A395SO1G"
26 http GET https://registry.npmjs.org/node-curl
27 http 304 https://registry.npmjs.org/node-curl
28 silly registry.get cb [ 304,
28 silly registry.get   { date: 'Fri, 02 May 2014 08:20:07 GMT',
28 silly registry.get     server: 'Apache',
28 silly registry.get     via: '1.1 varnish',
28 silly registry.get     'last-modified': 'Fri, 02 May 2014 08:20:07 GMT',
28 silly registry.get     'cache-control': 'max-age=1',
28 silly registry.get     etag: '"AOLEYX7SX90B4D7K5A395SO1G"',
28 silly registry.get     'x-served-by': 'cache-v42-ASH',
28 silly registry.get     'x-cache': 'MISS',
28 silly registry.get     'x-cache-hits': '0',
28 silly registry.get     'x-timer': 'S1399018807.829175234,VS0,VE134',
28 silly registry.get     vary: 'Accept',
28 silly registry.get     'content-length': '0',
28 silly registry.get     'keep-alive': 'timeout=10, max=50',
28 silly registry.get     connection: 'Keep-Alive' } ]
29 verbose etag node-curl from cache
30 silly addNameRange number 2 { name: 'node-curl', range: '*', hasData: true }
31 silly addNameRange versions [ 'node-curl',
31 silly addNameRange   [ '0.1.0',
31 silly addNameRange     '0.1.1',
31 silly addNameRange     '0.1.2',
31 silly addNameRange     '0.1.3',
31 silly addNameRange     '0.1.4',
31 silly addNameRange     '0.1.5',
31 silly addNameRange     '0.1.6',
31 silly addNameRange     '0.1.7',
31 silly addNameRange     '0.1.8',
31 silly addNameRange     '0.2.0',
31 silly addNameRange     '0.2.1',
31 silly addNameRange     '0.2.2',
31 silly addNameRange     '0.2.3',
31 silly addNameRange     '0.3.0',
31 silly addNameRange     '0.3.1' ] ]
32 verbose addNamed [ 'node-curl', '0.3.1' ]
33 verbose addNamed [ '0.3.1', '0.3.1' ]
34 silly lockFile efd00346-node-curl-0-3-1 node-curl@0.3.1
35 verbose lock node-curl@0.3.1 C:\Users\matheus\AppData\Roaming\npm-cache\efd00346-node-curl-0-3-1.lock
36 silly lockFile efd00346-node-curl-0-3-1 node-curl@0.3.1
37 silly lockFile efd00346-node-curl-0-3-1 node-curl@0.3.1
38 silly lockFile 31317303-node-curl node-curl@*
39 silly lockFile 31317303-node-curl node-curl@*
40 silly resolved [ { name: 'node-curl',
40 silly resolved     version: '0.3.1',
40 silly resolved     author: { name: 'Jiang Miao', email: 'jiangfriend@gmail.com' },
40 silly resolved     description: 'node wrapper for multi curl, fully implemented.',
40 silly resolved     keywords: [ 'node-curl', 'curl', 'multi-curl', 'mcurl' ],
40 silly resolved     homepage: 'http://github.com/jiangmiao/node-curl',
40 silly resolved     repository: { type: 'git', url: 'git://github.com/jiangmiao/node-curl.git' },
40 silly resolved     main: './lib',
40 silly resolved     scripts: { install: 'sh src/generate_curl_options_list.sh && (node-gyp rebuild || node-waf configure build)' },
40 silly resolved     engines: { node: '>= 0.6.0' },
40 silly resolved     readme: 'node-curl [![Build Status](https://secure.travis-ci.org/jiangmiao/node-curl.png?branch=master)](http://travis-ci.org/jiangmiao/node-curl)\n=========\n\nnode cURL wrapper, support all options and infos.\n\nQuick Start\n-----------\n\n* quick start\n\n        curl = require(\'node-curl\');\n        curl(\'www.google.com\', function(err) {\n          console.info(this.status);\n          console.info(\'-----\');\n          console.info(this.body);\n          console.info(\'-----\');\n          console.info(this.info(\'SIZE_DOWNLOAD\'));\n        });\n\n\n* with options\n\n        curl = require(\'node-curl\')\n        curl(\'www.google.com\', {VERBOSE: 1, RAW: 1}, function(err) {\n          console.info(this);\n        });\n\n* run the example/test.js\n\n        node examples/test.js\n\nUsage\n-----\n\n* curl\n\n        curl(url, [options = {}], callback)\n        callback includes 1 parameters (error)\n        result is stored in curl\n\n* Retrieve Data from curl\n\n        members:\n          status           - Http Response code\n          body             - Http body\n\n          url              - the url set by curl(...)\n          options          - the options set by curl(...)\n          defaultOptions   - the defaultOptions\n          effectiveOptions - the options curl used\n\n        methods:\n          info(name) - Get information of result, see \'info\' section\n\n* Curl Control\n\n        members\n            debug (default: false)\n                - logging node-curl debug info\n\n        methods:\n            void reset()\n                - reset curl and set options to default options\n\n            void setDefaultOptions(options, reset = true)\n                - set default options\n\n            curl create(defaultOptions)\n                - create a new curl with default options\n\nOptions\n-------\n* Any cURL Easy Options\n\n        eg: CURLOPT_VERBOSE will be VERBOSE, CURLOPT_HEADER will be HEADER\n\n        Full list at http://curl.haxx.se/libcurl/c/curl_easy_setopt.html\n\n* node-curl Extra Options\n\n        RAW   - Returns Buffer instead of String in result.body\n        DEBUG - Replace curl.debug\n\n* About slist parameters\n\n        node-curl support slist which map to Javascript Array\n\n        eg:\n            HTTP_HEADER: [\'FOO\', \'BAR\']\n            HTTP_HEADER: \'FOO\'\n\n            any non-array parameter will convert to [ parameter.toString() ]\n\nInfos\n-----\n* Any cURL Info options\n\n        eg: CURLINFO_EFFECTIVE_URL will be EFFETCTIVE_URL\n\n        full list at http://curl.haxx.se/libcurl/c/curl_easy_getinfo.html\n\n\n* About slist\n\n          slist will be returns in Array\n          eg: CURLINFO_COOKIELIST\n\nMultiPart Upload\n----------------\nUse MULTIPART option\n\nThere are 4 options in MULTIPART, `name`, `file`, `type`, `contents`\n\n```javascript\ncurl(\'127.0.0.1/upload.php\', {\n    MULTIPART: [\n        {name: \'file\', file: \'/file/path\', type: \'text/html\'},\n        {name: \'sumbit\', contents: \'send\'}\n    ]\n}, function(e) {\n    console.log(e);\n    console.log(this.body);\n    this.close()\n});\n```\n\nLow Level Curl Usage\n--------------------\n\nrequire \'node-curl/lib/Curl\'\n\nMethods:\n\n    Curl setopt(optionName, optionValue)\n    Curl perform()\n    Curl on(eventType, callback)\n    Mixed getinfo(infoName)\n\nEvents:\n\n    \'data\', function(Buffer chunk) {}\n    \'error\', function(Error error) {}\n    \'end\', function() {}\n\nExample: examples/low-level.js\n\n    var Curl = require(\'node-curl/lib/Curl\')\n\n    var p = console.log;\n    var url = process.argv[2];\n\n    var curl = new Curl();\n\n    if (!url)\n        url = \'www.yahoo.com\';\n\n    curl.setopt(\'URL\', url);\n    curl.setopt(\'CONNECTTIMEOUT\', 2);\n\n    // on \'data\' must be returns chunk.length, or means interrupt the transfer\n    curl.on(\'data\', function(chunk) {\n        p("receive " + chunk.length)\n        return chunk.length;\n    });\n\n    // curl.close() should be called in event \'error\' and \'end\' if the curl won\'t use any more.\n    // or the resource will not release until V8 garbage mark sweep.\n    curl.on(\'error\', function(e) {\n        p("error: " + e.message)\n        curl.close();\n    });\n\n\n    curl.on(\'end\', function() {\n        p(\'code: \' + curl.getinfo(\'RESPONSE_CODE\'));\n        p(\'done.\')\n        curl.close();\n    });\n\n    curl.perform();\n',
40 silly resolved     readmeFilename: 'README.md',
40 silly resolved     bugs: { url: 'https://github.com/jiangmiao/node-curl/issues' },
40 silly resolved     _id: 'node-curl@0.3.1',
40 silly resolved     _from: 'node-curl@*' } ]
41 info install node-curl@0.3.1 into C:\Users\matheus\Dropbox\Public\sites\down.yt\node
42 info installOne node-curl@0.3.1
43 info C:\Users\matheus\Dropbox\Public\sites\down.yt\node\node_modules\node-curl unbuild
44 verbose tar unpack C:\Users\matheus\AppData\Roaming\npm-cache\node-curl\0.3.1\package.tgz
45 silly lockFile 818af134-n-yt-node-node-modules-node-curl tar://C:\Users\matheus\Dropbox\Public\sites\down.yt\node\node_modules\node-curl
46 verbose lock tar://C:\Users\matheus\Dropbox\Public\sites\down.yt\node\node_modules\node-curl C:\Users\matheus\AppData\Roaming\npm-cache\818af134-n-yt-node-node-modules-node-curl.lock
47 silly lockFile 42093753-ache-node-curl-0-3-1-package-tgz tar://C:\Users\matheus\AppData\Roaming\npm-cache\node-curl\0.3.1\package.tgz
48 verbose lock tar://C:\Users\matheus\AppData\Roaming\npm-cache\node-curl\0.3.1\package.tgz C:\Users\matheus\AppData\Roaming\npm-cache\42093753-ache-node-curl-0-3-1-package-tgz.lock
49 silly gunzTarPerm modes [ '755', '644' ]
50 silly gunzTarPerm extractEntry package.json
51 silly gunzTarPerm modified mode [ 'package.json', 438, 420 ]
52 silly gunzTarPerm extractEntry .npmignore
53 silly gunzTarPerm modified mode [ '.npmignore', 438, 420 ]
54 silly gunzTarPerm extractEntry README.md
55 silly gunzTarPerm modified mode [ 'README.md', 438, 420 ]
56 silly gunzTarPerm extractEntry index.js
57 silly gunzTarPerm modified mode [ 'index.js', 438, 420 ]
58 silly gunzTarPerm extractEntry wscript
59 silly gunzTarPerm modified mode [ 'wscript', 438, 420 ]
60 silly gunzTarPerm extractEntry index.toffee
61 silly gunzTarPerm modified mode [ 'index.toffee', 438, 420 ]
62 silly gunzTarPerm extractEntry .travis.yml
63 silly gunzTarPerm modified mode [ '.travis.yml', 438, 420 ]
64 silly gunzTarPerm extractEntry LICENSE-MIT
65 silly gunzTarPerm modified mode [ 'LICENSE-MIT', 438, 420 ]
66 silly gunzTarPerm extractEntry binding.gyp
67 silly gunzTarPerm modified mode [ 'binding.gyp', 438, 420 ]
68 silly gunzTarPerm extractEntry examples/curl.js
69 silly gunzTarPerm modified mode [ 'examples/curl.js', 438, 420 ]
70 silly gunzTarPerm extractEntry examples/low-level.js
71 silly gunzTarPerm modified mode [ 'examples/low-level.js', 438, 420 ]
72 silly gunzTarPerm extractEntry examples/post-multi-part.js
73 silly gunzTarPerm modified mode [ 'examples/post-multi-part.js', 438, 420 ]
74 silly gunzTarPerm extractEntry examples/test.js
75 silly gunzTarPerm modified mode [ 'examples/test.js', 438, 420 ]
76 silly gunzTarPerm extractEntry examples/low-level-pressure.js
77 silly gunzTarPerm modified mode [ 'examples/low-level-pressure.js', 438, 420 ]
78 silly gunzTarPerm extractEntry examples/test-stream.js
79 silly gunzTarPerm modified mode [ 'examples/test-stream.js', 438, 420 ]
80 silly gunzTarPerm extractEntry examples/pressure-multi-post.js
81 silly gunzTarPerm modified mode [ 'examples/pressure-multi-post.js', 438, 420 ]
82 silly gunzTarPerm extractEntry examples/test-get-info.js
83 silly gunzTarPerm modified mode [ 'examples/test-get-info.js', 438, 420 ]
84 silly gunzTarPerm extractEntry examples/test-errors.js
85 silly gunzTarPerm modified mode [ 'examples/test-errors.js', 438, 420 ]
86 silly gunzTarPerm extractEntry examples/quick-start.js
87 silly gunzTarPerm modified mode [ 'examples/quick-start.js', 438, 420 ]
88 silly gunzTarPerm extractEntry examples/post.js
89 silly gunzTarPerm modified mode [ 'examples/post.js', 438, 420 ]
90 silly gunzTarPerm extractEntry examples/pressure.js
91 silly gunzTarPerm modified mode [ 'examples/pressure.js', 438, 420 ]
92 silly gunzTarPerm extractEntry examples/pressure.toffee
93 silly gunzTarPerm modified mode [ 'examples/pressure.toffee', 438, 420 ]
94 silly gunzTarPerm extractEntry examples/curl.toffee
95 silly gunzTarPerm modified mode [ 'examples/curl.toffee', 438, 420 ]
96 silly gunzTarPerm extractEntry examples/test-errors.toffee
97 silly gunzTarPerm modified mode [ 'examples/test-errors.toffee', 438, 420 ]
98 silly gunzTarPerm extractEntry examples/pressure-multi-post.toffee
99 silly gunzTarPerm modified mode [ 'examples/pressure-multi-post.toffee', 438, 420 ]
100 silly gunzTarPerm extractEntry examples/post.toffee
101 silly gunzTarPerm modified mode [ 'examples/post.toffee', 438, 420 ]
102 silly gunzTarPerm extractEntry examples/test-stream.toffee
103 silly gunzTarPerm modified mode [ 'examples/test-stream.toffee', 438, 420 ]
104 silly gunzTarPerm extractEntry examples/post-multi-part.toffee
105 silly gunzTarPerm modified mode [ 'examples/post-multi-part.toffee', 438, 420 ]
106 silly gunzTarPerm extractEntry examples/test.toffee
107 silly gunzTarPerm modified mode [ 'examples/test.toffee', 438, 420 ]
108 silly gunzTarPerm extractEntry src/generate_curl_options_list.sh
109 silly gunzTarPerm modified mode [ 'src/generate_curl_options_list.sh', 438, 420 ]
110 silly gunzTarPerm extractEntry src/node-curl.cc
111 silly gunzTarPerm modified mode [ 'src/node-curl.cc', 438, 420 ]
112 silly gunzTarPerm extractEntry src/node-curl.h
113 silly gunzTarPerm modified mode [ 'src/node-curl.h', 438, 420 ]
114 silly gunzTarPerm extractEntry lib/Curl.js
115 silly gunzTarPerm modified mode [ 'lib/Curl.js', 438, 420 ]
116 silly gunzTarPerm extractEntry lib/CurlBuilder.js
117 silly gunzTarPerm modified mode [ 'lib/CurlBuilder.js', 438, 420 ]
118 silly gunzTarPerm extractEntry lib/Curl.toffee
119 silly gunzTarPerm modified mode [ 'lib/Curl.toffee', 438, 420 ]
120 silly gunzTarPerm extractEntry lib/CurlBuilder.toffee
121 silly gunzTarPerm modified mode [ 'lib/CurlBuilder.toffee', 438, 420 ]
122 silly lockFile 818af134-n-yt-node-node-modules-node-curl tar://C:\Users\matheus\Dropbox\Public\sites\down.yt\node\node_modules\node-curl
123 silly lockFile 818af134-n-yt-node-node-modules-node-curl tar://C:\Users\matheus\Dropbox\Public\sites\down.yt\node\node_modules\node-curl
124 silly lockFile 42093753-ache-node-curl-0-3-1-package-tgz tar://C:\Users\matheus\AppData\Roaming\npm-cache\node-curl\0.3.1\package.tgz
125 silly lockFile 42093753-ache-node-curl-0-3-1-package-tgz tar://C:\Users\matheus\AppData\Roaming\npm-cache\node-curl\0.3.1\package.tgz
126 info preinstall node-curl@0.3.1
127 verbose readDependencies using package.json deps
128 verbose readDependencies using package.json deps
129 silly resolved []
130 verbose about to build C:\Users\matheus\Dropbox\Public\sites\down.yt\node\node_modules\node-curl
131 info build C:\Users\matheus\Dropbox\Public\sites\down.yt\node\node_modules\node-curl
132 verbose linkStuff [ false,
132 verbose linkStuff   false,
132 verbose linkStuff   false,
132 verbose linkStuff   'C:\\Users\\matheus\\Dropbox\\Public\\sites\\down.yt\\node\\node_modules' ]
133 info linkStuff node-curl@0.3.1
134 verbose linkBins node-curl@0.3.1
135 verbose linkMans node-curl@0.3.1
136 verbose rebuildBundles node-curl@0.3.1
137 info install node-curl@0.3.1
138 verbose unsafe-perm in lifecycle true
139 info node-curl@0.3.1 Failed to exec install script
140 info C:\Users\matheus\Dropbox\Public\sites\down.yt\node\node_modules\node-curl unbuild
141 info preuninstall node-curl@0.3.1
142 info uninstall node-curl@0.3.1
143 verbose true,C:\Users\matheus\Dropbox\Public\sites\down.yt\node\node_modules,C:\Users\matheus\Dropbox\Public\sites\down.yt\node\node_modules unbuild node-curl@0.3.1
144 info postuninstall node-curl@0.3.1
145 error node-curl@0.3.1 install: `sh src/generate_curl_options_list.sh && (node-gyp rebuild || node-waf configure build)`
145 error Exit status 1
146 error Failed at the node-curl@0.3.1 install script.
146 error This is most likely a problem with the node-curl package,
146 error not with npm itself.
146 error Tell the author that this fails on your system:
146 error     sh src/generate_curl_options_list.sh && (node-gyp rebuild || node-waf configure build)
146 error You can get their info via:
146 error     npm owner ls node-curl
146 error There is likely additional logging output above.
147 error System Windows_NT 6.1.7600
148 error command "C:\\Program Files (x86)\\nodejs\\\\node.exe" "C:\\Program Files (x86)\\nodejs\\node_modules\\npm\\bin\\npm-cli.js" "install"
149 error cwd C:\Users\matheus\Dropbox\Public\sites\down.yt\node
150 error node -v v0.10.24
151 error npm -v 1.3.21
152 error code ELIFECYCLE
153 verbose exit [ 1, true ]
